<?xml version="1.0" encoding="UTF-8"?>
<!-- Generated by org.testng.reporters.JUnitReportReporter -->
<testsuite hostname="Fayyaz" failures="0" tests="2" name="test.test3" time="0.007" errors="0" timestamp="2024-03-29T09:54:37 IST" skipped="0">
  <testcase classname="test.test3" name="Demo7" time="0.005"/>
  <testcase classname="test.test3" name="Demo6" time="0.002"/>
</testsuite> <!-- test.test3 -->
