<?xml version="1.0" encoding="UTF-8"?>
<!-- Generated by org.testng.reporters.JUnitReportReporter -->
<testsuite hostname="Fayyaz" failures="0" tests="1" name="test.test1" time="0.002" errors="0" timestamp="2024-03-29T09:54:37 IST" skipped="0">
  <testcase classname="test.test1" name="Demo2" time="0.002"/>
</testsuite> <!-- test.test1 -->
